<?xml version="1.0" encoding="UTF-8"?>
<!-- Generated by org.testng.reporters.JUnitXMLReporter -->
<testsuite ignored="0" hostname="Mandvi" failures="1" tests="2" name="Test3" time="9.673" errors="0" timestamp="2025-01-10T23:59:26 IST">
  <testcase classname="Tests.ScreenshotExample3" name="TestExample1" time="1.762">
    <failure type="java.lang.AssertionError" message="expected [Expecte title here] but found [Download Chromium]">
      <![CDATA[java.lang.AssertionError: expected [Expecte title here] but found [Download Chromium]
at Tests.ScreenshotExample3.TestExample1(ScreenshotExample3.java:26)
at java.base/java.util.ArrayList.forEach(ArrayList.java:1511)
at java.base/java.util.concurrent.FutureTask.run(FutureTask.java:264)
at java.base/java.util.concurrent.ThreadPoolExecutor.runWorker(ThreadPoolExecutor.java:1136)
at java.base/java.util.concurrent.ThreadPoolExecutor$Worker.run(ThreadPoolExecutor.java:635)
at java.base/java.lang.Thread.run(Thread.java:833)
... Removed 23 stack frames]]>
    </failure>
  </testcase> <!-- TestExample1 -->
  <testcase classname="Tests.ScreenshotExample3" name="testExample2" time="1.028"/>
</testsuite> <!-- Test3 -->
